c:\users\ahlee_000\source\repos\book3\debug\book3.pch
c:\users\ahlee_000\source\repos\book3\debug\vc141.pdb
c:\users\ahlee_000\source\repos\book3\debug\vc141.idb
c:\users\ahlee_000\source\repos\book3\debug\stdafx.obj
c:\users\ahlee_000\source\repos\book3\debug\book3.obj
c:\users\ahlee_000\source\repos\book3\debug\childial.obj
c:\users\ahlee_000\source\repos\book3\debug\book3dlg.obj
c:\users\ahlee_000\desktop\book3\debug\book3.pch
c:\users\ahlee_000\desktop\book3\debug\vc141.pdb
c:\users\ahlee_000\desktop\book3\debug\vc141.idb
c:\users\ahlee_000\desktop\book3\debug\stdafx.obj
c:\users\ahlee_000\desktop\book3\debug\childial.obj
c:\users\ahlee_000\desktop\book3\debug\book3dlg.obj
c:\users\ahlee_000\desktop\book3\debug\book3.obj
c:\users\ahlee_000\desktop\book3\debug\moddial.obj
c:\users\ahlee_000\desktop\book3\debug\book3.exe
c:\users\ahlee_000\desktop\book3\debug\book3.ilk
c:\users\ahlee_000\desktop\book3\debug\book3.pdb
c:\users\ahlee_000\source\repos\book3\debug\book3.res
c:\users\ahlee_000\desktop\book3\debug\book3.res
c:\users\ahlee_000\desktop\book3\debug\book3.tlog\cl.command.1.tlog
c:\users\ahlee_000\desktop\book3\debug\book3.tlog\cl.read.1.tlog
c:\users\ahlee_000\desktop\book3\debug\book3.tlog\cl.write.1.tlog
c:\users\ahlee_000\desktop\book3\debug\book3.tlog\link.command.1.tlog
c:\users\ahlee_000\desktop\book3\debug\book3.tlog\link.read.1.tlog
c:\users\ahlee_000\desktop\book3\debug\book3.tlog\link.write.1.tlog
c:\users\ahlee_000\desktop\book3\debug\book3.tlog\rc.command.1.tlog
c:\users\ahlee_000\desktop\book3\debug\book3.tlog\rc.read.1.tlog
c:\users\ahlee_000\desktop\book3\debug\book3.tlog\rc.write.1.tlog
